From nobody@champlain.ccs.neu.edu  Mon Oct 13 11:05:58 2003
Received: (from nobody@localhost)
	by champlain.ccs.neu.edu (8.9.3/8.8.7) id LAA27472
	for bugs@plt-scheme.org; Mon, 13 Oct 2003 11:05:58 -0400
Message-Id: <200310131505.LAA27472@champlain.ccs.neu.edu>
Date: Mon, 13 Oct 2003 11:05:58 -0400
From: zaks@era.pl
To: bugs@plt-scheme.org
Subject: CVS source of drscheme fails to compile

>Number:         6497
>Category:       misc
>Synopsis:       CVS source of drscheme fails to compile
>Class:          sw-bug
>Responsible:    eli
>Severity:       serious
>Priority:       medium
>State:          closed
>Confidential:   no
>Arrival-Date:   Mon Oct 13 11:10:00 -0400 2003
>Closed-Date:    Fri Apr 02 00:54:15 -0500 2004
>Last-Modified:  Fri Apr 02 00:54:15 -0500 2004
>Originator:     Slawek Zak
>Organization:
plt
>Submitter-Id:   unknown
>Release:        CVS
>Environment:
unix-other
>Description:
Compilation fails with following errors:

setup-plt: Installing libsndfile
make: making compiled/native/i386-freebsd/mzsndfile.so
compile-extension: (/usr/bin/gcc -c -O2 -I/usr/local-local/PLTScheme/collects/compiler -I/usr/local-local/PLTScheme/collects/srfi/4/c-generation -I/sw/include -I/usr/local/include -I/usr/local-local/PLTScheme/include ./mzsndfile.c -o ./mzsndfile.o)
In file included from mzsndfile.c:6:
/usr/local-local/PLTScheme/collects/srfi/4/c-generation/homo-all-vector-glue.c:1:34: homo-f64-vector-glue.c: No such file or directory
/usr/local-local/PLTScheme/collects/srfi/4/c-generation/homo-all-vector-glue.c:2:34: homo-f32-vector-glue.c: No such file or directory
/usr/local-local/PLTScheme/collects/srfi/4/c-generation/homo-all-vector-glue.c:3:34: homo-s32-vector-glue.c: No such file or directory
/usr/local-local/PLTScheme/collects/srfi/4/c-generation/homo-all-vector-glue.c:4:34: homo-s16-vector-glue.c: No such file or directory
/usr/local-local/PLTScheme/collects/srfi/4/c-generation/homo-all-vector-glue.c:5:33: homo-s8-vector-glue.c: No such file or directory
/usr/local-local/PLTScheme/collects/srfi/4/c-generation/homo-all-vector-glue.c:6:34: homo-u32-vector-glue.c: No such file or directory
/usr/local-local/PLTScheme/collects/srfi/4/c-generation/homo-all-vector-glue.c:7:34: homo-u16-vector-glue.c: No such file or directory
/usr/local-local/PLTScheme/collects/srfi/4/c-generation/homo-all-vector-glue.c:8:33: homo-u8-vector-glue.c: No such file or directory
mzsndfile.c: In function `read_short':
mzsndfile.c:158: error: `homo_u16_vector' undeclared (first use in this function)
mzsndfile.c:158: error: (Each undeclared identifier is reported only once
mzsndfile.c:158: error: for each function it appears in.)
mzsndfile.c:158: error: syntax error before ')' token
mzsndfile.c: In function `read_int':
mzsndfile.c:175: error: `homo_u32_vector' undeclared (first use in this function)
mzsndfile.c:175: error: syntax error before ')' token
mzsndfile.c: In function `read_float':
mzsndfile.c:192: error: `homo_f32_vector' undeclared (first use in this function)
mzsndfile.c:192: error: syntax error before ')' token
mzsndfile.c: In function `read_double':
mzsndfile.c:209: error: `homo_f64_vector' undeclared (first use in this function)
mzsndfile.c:209: error: syntax error before ')' token
mzsndfile.c: In function `write_short':
mzsndfile.c:226: error: `homo_u16_vector' undeclared (first use in this function)
mzsndfile.c:226: error: syntax error before ')' token
mzsndfile.c: In function `write_int':
mzsndfile.c:243: error: `homo_u32_vector' undeclared (first use in this function)
mzsndfile.c:243: error: syntax error before ')' token
mzsndfile.c: In function `write_float':
mzsndfile.c:260: error: `homo_f32_vector' undeclared (first use in this function)
mzsndfile.c:260: error: syntax error before ')' token
mzsndfile.c: In function `write_double':
mzsndfile.c:277: error: `homo_f64_vector' undeclared (first use in this function)
mzsndfile.c:277: error: syntax error before ')' token
make: Failed to make compiled/native/i386-freebsd/mzsndfile.so; compile-extension: command failed
setup-plt: Installing MysterX
Warning: can't install MysterX on non-Windows machine
setup-plt: Installing MzCOM
Warning: can't install MzCOM on non-Windows machine
setup-plt: Installing ProfessorJ: libs java lang
setup-plt: Installing SLaTeX
setup-plt: Done setting up
setup-plt: 
setup-plt: Error during General Install for libsndfile (/usr/local-local/PLTScheme/collects/libsndfile)
setup-plt:   make: Failed to make compiled/native/i386-freebsd/mzsndfile.so; compile-extension: command failed
setup-plt: Error during Compiling .zos for DrScheme Jr (/usr/local-local/PLTScheme/collects/drscheme-jr)
setup-plt:   load-handler: expected a `module' declaration for `core' in "/usr/local-local/PLTScheme/collects/drscheme-jr/core.ss", but found something else
setup-plt: Error during Compiling .zos for Countdown (/usr/local-local/PLTScheme/collects/countdwn)
setup-plt:   load-handler: expected a `module' declaration for `after' in "/usr/local-local/PLTScheme/collects/countdwn/after.ss", but found something else
setup-plt: Error during Early Install for Plot library (/usr/local-local/PLTScheme/collects/plot)
setup-plt:   Could not locate zlib src files
gmake[1]: *** [copy-finish] Error 1
gmake[1]: Leaving directory `/usr/home/zaks/Development/PLT-CVS/src'
gmake: *** [install] Error 2

After removing `offending modules' drscheme doesn't start complaining about these files:

info file does not contain a module of the right shape: "/usr/local-local/PLTScheme/collects/guserspce/info.ss"                                      
info file does not contain a module of the right shape: "/usr/local-local/PLTScheme/collects/mrspidey/info.ss"                                       
info file does not contain a module of the right shape: "/usr/local-local/PLTScheme/collects/quasiquote/info.ss"                                     
info file does not contain a module of the right shape: "/usr/local-local/PLTScheme/collects/zodiac/info.ss"                                         
info file does not contain a module of the right shape: "/usr/local-local/PLTScheme/collects/stepper-graphical/info.ss"                              
>How-To-Repeat:
cvs up, gmake, gmake install. (the failure occurs during install phase)
>Fix:
>Release-Note:
>Audit-Trail:
From: Robby Findler <robby@cs.uchicago.edu>
To: zaks@era.pl
Cc: bugs@plt-scheme.org
Subject: Re: all/6497: CVS source of drscheme fails to compile
Date: Mon, 13 Oct 2003 10:31:46 -0500

 Did you check out the exp-tagged source, or the tip (Ie, did you use
 the command line flags "-r exp")?
 
 Robby

From: Robby Findler <robby@cs.uchicago.edu>
To: bugs@plt-scheme.org
Cc:  
Subject: Re: all/6497: CVS source of drscheme fails to compile
Date: Mon, 13 Oct 2003 12:11:57 -0500

 At Mon, 13 Oct 2003 18:11:15 +0200, =?iso-8859-2?q?S=B3awek_=AFak?= wrote:
 > "Robby Findler" <robby@cs.uchicago.edu> writes:
 > 
 > > Did you check out the exp-tagged source, or the tip (Ie, did you use
 > > the command line flags "-r exp")?
 > 
 >     It's the HEAD. I see in the instructions that I should've checked out the
 >     exp. I did it first, but then ran cvs up -dAP, which made it go to the
 >     HEAD. Sorry. Old habits. I will try back down to exp. Thanks!
 > 
 > /S    
 > -- 
 > Sławek Żak : UNIX Systems Administrator : PTC Sp. zoo
 > 
 
Responsible-Changed-From-To: eli->nobody
Responsible-Changed-By: gnats@champlain.ccs.neu.edu
Responsible-Changed-When: Fri, 26 Mar 2004 05:03:00 -0500
Responsible-Changed-Why:


Responsible changed from "nobody" to "eli" by eli at Fri, 02 Apr 2004 00:54:15 -0500
Reason: .

View:
  http://bugs.plt-scheme.org/query/?cmd=view+audit-trail&pr=6497

State changed from "open" to "closed" by eli at Fri, 02 Apr 2004 00:54:15 -0500
Reason: Solved.

View:
  http://bugs.plt-scheme.org/query/?cmd=view+audit-trail&pr=6497

>Unformatted:
