From bugs+caf_=bugs=bugs.plt-scheme.org@plt-scheme.org Mon Oct 24 09:35:50 2011
Received: from mail-iy0-f172.google.com (mail-iy0-f172.google.com [209.85.210.172])
	by champlain.ccs.neu.edu (8.14.4/8.14.4) with ESMTP id p9ODZkSr002593
	for <bugs@bugs.plt-scheme.org>; Mon, 24 Oct 2011 09:35:46 -0400
Message-Id: <201110241335.p9ODZd1G002560@champlain.ccs.neu.edu>
Date: Mon, 24 Oct 2011 09:35:39 -0400
From: mbaehr+racket@iaeste.at
To: bugs@racket-lang.org
Subject: racket fails to build from source

>Number:         12320
>Category:       mzscheme
>Synopsis:       racket fails to build from source
>Class:          sw-bug
>Responsible:    mflatt
>Severity:       serious
>Priority:       medium
>State:          open
>Confidential:   no
>Arrival-Date:   Mon Oct 24 09:36:01 -0400 2011
>Last-Modified:  Sun Nov 20 14:39:56 -0500 2011
>Originator:     eMBee
>Organization:
plt
>Submitter-Id:   unknown
>Release:        5.1.3 and git as of 6b519f7b646ca27a9a196995e80c64b230f8e1cd
>Environment:
foresight linux
>Description:
build of 5.1.3 ends with:
...
raco setup: launcher: <console-bin>/plt-web-server
raco setup: --- building documentation ---
raco setup: running: algol60/algol60.scrbl
raco setup: running: compiler/cffi.scrbl
raco setup: running: config/config.scrbl
raco setup: running: games/cards/cards.scrbl
raco setup: running: browser/browser.scrbl
raco setup: running: datalog/scribblings/datalog.scrbl
raco setup: running: dynext/dynext.scrbl
raco setup: running: scribblings/drracket/drracket.scrbl
raco setup: running: data/scribblings/data.scrbl
raco setup: running: eopl/eopl.scrbl
raco setup: running: embedded-gui/scribblings/embedded-gui.scrbl
about to suspend in atomic mode
make[1]: *** [install-3m] Aborted
make[1]: Leaving directory `/tmp/rmake/builds/racket/racket-5.1.3/src'
make: *** [install] Error 2

build from git 6b519f7b646ca27a9a196995e80c64b230f8e1cd ends with:

...
raco setup: launcher: <console-bin>/plt-r6rs
raco setup: launcher: <console-bin>/raco
raco setup: launcher: <console-bin>/scribble
raco setup: launcher: <console-bin>/setup-plt
raco setup: launcher: <gui-bin>/sirmail
raco setup: launcher: <console-bin>/slatex
raco setup: launcher: <console-bin>/pdf-slatex
raco setup: launcher: <gui-bin>/slideshow
raco setup: launcher: <console-bin>/swindle
raco setup: launcher: <console-bin>/tex2page
raco setup: launcher: <console-bin>/plt-web-server
raco setup: --- building documentation ---
raco setup: 0 running: config/config.scrbl
raco setup: 1 running: games/cards/cards.scrbl
raco setup: 2 running: browser/browser.scrbl
raco setup: 3 running: algol60/algol60.scrbl
raco setup: 3 running: datalog/scribblings/datalog.scrbl
raco setup: 0 running: data/scribblings/data.scrbl
raco setup: 1 running: db/scribblings/db.scrbl
raco setup: 3 running: scribblings/draw/draw.scrbl
raco setup: 2 running: scribblings/drracket/drracket.scrbl
raco setup: 0 running: dynext/dynext.scrbl
raco setup: 0 running: embedded-gui/scribblings/embedded-gui.scrbl
about to suspend in atomic mode
make[1]: *** [install-3m] Aborted
make[1]: Leaving directory `/tmp/rmake/builds/racket/racket6b519f7b646ca27a9a196995e80c64b230f8e1cd/src'
make: *** [install] Error 2
>How-To-Repeat:
the build is done with the conary build tools based on the following recipe:

class Racket(AutoPackageRecipe):
    name = 'racket'
    version = '5.1.3'
 
    buildRequires = ['libffi:devel', 'freetype:devel', 'openjpeg:devel', 'pango:devel', 'libpng:devel', 'openssl:devel', 'libXaw:devel', 'libXft:devel', 'Mesa:devel', 'libX11:devel', 'libXrender:devel', 'cairo:devel', 'gtk:devel'] 
 
    def setup(r):
        #r.addArchive('http://download.racket-lang.org/installers/%(version)s/%(name)s/%(name)s-%(version)s-src-unix.tgz')
        r.addGitSnapshot('http://git.racket-lang.org/plt.git',tag='6b519f7b646ca27a9a196995e80c64b230f8e1cd')
        r.Configure(dir='src/')
        r.Make(dir='src/')
        r.MakeInstall(dir='src/')


the commands run by conary are:

CLASSPATH="" CFLAGS="-O2 -march=i686 -g -D_FORTIFY_SOURCE=2 -fstack-protector" CXXFLAGS="-O2 -march=i686 -g -D_FORTIFY_SOURCE=2 -fstack-protector " CPPFLAGS="" LDFLAGS="-g -O1 " CC=gcc CXX=g++  ./configure --prefix=/usr --exec-prefix=/usr --bindir=/usr/bin --sbindir=/usr/sbin --sysconfdir=/etc --datadir=/usr/share --includedir=/usr/include --libdir=/usr/lib --libexecdir=/usr/libexec --localstatedir=/var --sharedstatedir=/usr/com --mandir=/usr/share/man --infodir=/usr/share/info

CFLAGS="-O2 -march=i686 -g -D_FORTIFY_SOURCE=2 -fstack-protector" CXXFLAGS="-O2 -march=i686 -g -D_FORTIFY_SOURCE=2 -fstack-protector " CPPFLAGS="" CLASSPATH=""  LDFLAGS="-g -O1 " CC=gcc CXX=g++  make

and finally the failing command as run by conary is:

CFLAGS="-O2 -march=i686 -g -D_FORTIFY_SOURCE=2 -fstack-protector" CXXFLAGS="-O2 -march=i686 -g -D_FORTIFY_SOURCE=2 -fstack-protector " CPPFLAGS="" CLASSPATH=""  LDFLAGS="-g -O1 " CC=gcc CXX=g++  make   DESTDIR=/tmp/rmake/builds/racket/_ROOT_ install
>Fix:
