From bugs+caf_=bugs=bugs.plt-scheme.org@plt-scheme.org Wed May 13 09:52:59 2009
Received: from mail-qy0-f136.google.com (mail-qy0-f136.google.com [209.85.221.136])
	by champlain.ccs.neu.edu (8.14.2/8.14.2) with ESMTP id n4DDqj4f003368
	for <bugs@bugs.plt-scheme.org>; Wed, 13 May 2009 09:52:45 -0400
Message-Id: <200905131352.n4DDqgDO003361@champlain.ccs.neu.edu>
Date: Wed, 13 May 2009 09:52:42 -0400
From: robby@eecs.northwestern.edu
To: bugs@plt-scheme.org
Subject: macro stepper internal error

>Number:         10239
>Category:       macro-stepper
>Synopsis:       macro stepper internal error
>Class:          sw-bug
>Responsible:    ryanc
>Severity:       serious
>Priority:       medium
>State:          closed
>Confidential:   no
>Arrival-Date:   Wed May 13 09:56:01 -0400 2009
>Closed-Date:    Wed Dec 15 14:39:31 -0500 2010
>Last-Modified:  Wed Dec 15 14:39:31 -0500 2010
>Originator:     Robby Findler
>Organization:
plt
>Submitter-Id:   unknown
>Release:        4.1.5.5-svn10may2009
>Environment:
macosx "Darwin taitung.ece.northwestern.edu 9.6.0 Darwin Kernel Version 9.6.0: Mon Nov 24 17:37:00 PST 2008; root:xnu-1228.9.59~1/RELEASE_I386 i386" (i386-macosx/3m) (get-display-depth) = 32
Human Language: english
(current-memory-use) 162516796

Collections:
(("/Users/robby/Library/PLT Scheme/4.1.5.5/collects" non-existent-path) ("/Users/robby/svn/exp/plt/collects" ".svn" "2htdp" "afm" "algol60" "at-exp" "browser" "combinator-parser" "compiler" "config" "defaults" "deinprogramm" "drscheme" "dynext" "embedded-gui" "eopl" "errortrace" "ffi" "file" "framework" "frtime" "games" "graphics" "gui-debugger" "guibuilder" "handin-client" "handin-server" "help" "hierlist" "honu" "htdch" "htdp" "html" "icons" "info-domain" "lang" "launcher" "lazy" "macro-debugger" "make" "mred" "mrlib" "mysterx" "mzcom" "mzlib" "mzscheme" "net" "openssl" "parser-tools" "planet" "plot" "preprocessor" "profile" "profj" "profjWizard" "r5rs" "r6rs" "readline" "redex" "repos-time-stamp" "rnrs" "s-exp" "scheme" "schemeunit" "scribble" "scribblings" "scriblib" "setup" "sgl" "sirmail" "slatex" "slideshow" "srfi" "srpersist" "stepper" "string-constants" "stxclass" "swindle" "syntax" "syntax-color" "teachpack" "test-box-recovery" "test-engine" "tests" "tex2page" "tex!
 pict" "trace" "typed" "typed-scheme" "version" "waterworld" "web-server" "wxme" "xml"))
Computer Language: (("Module") (#(#t write mixed-fraction-e #f #t debug) (default) #() "#lang scheme\n" #t))
>Description:
The macro stepper produces this error:

derivation-parser: error on token #61: <enter-local, #<syntax:/Users/robby/svn/plt/collects/redex/reduction-semantics.ss:2:0>>

 === context ===
/Users/robby/svn/plt/collects/parser-tools/yacc.ss:323:16: parsing-loop
/Users/robby/svn/plt/collects/macro-debugger/model/trace.ss:37:12
/Users/robby/svn/plt/collects/scheme/promise.ss:102:0: force-proc
/Users/robby/svn/plt/collects/scheme/private/more-scheme.ss:271:2: call-with-exception-handler
/Users/robby/svn/plt/collects/macro-debugger/view/view.ss:66:0: go
/Users/robby/svn/plt/collects/mred/private/snipfile.ss:248:28
>How-To-Repeat:
Put the code below in a file called tmp.ss and run "mred -qr tmp.ss" from the shell.

---

(require macro-debugger/stepper)

(expand/step
 #'(module tmp scheme
     (require redex/reduction-semantics)
     (define-language empty-language)
     (reduction-relation empty-language
                         (--> number_1 
                              any_x
                              (where any_y 1)
                              (where any_x any_y)))))
>Fix:
>Audit-Trail:
From: Ryan Culpepper <ryanc@ccs.neu.edu>
To: robby@eecs.northwestern.edu, bugs@plt-scheme.org
Cc: nobody@plt-scheme.org, eli@plt-scheme.org, matthias@plt-scheme.org,
        sk@plt-scheme.org, mflatt@plt-scheme.org, robby@plt-scheme.org,
        clements@plt-scheme.org, jay@plt-scheme.org, meunier@plt-scheme.org,
        kathyg@plt-scheme.org, jacobm@plt-scheme.org, cce@plt-scheme.org,
        samth@plt-scheme.org, ryanc@plt-scheme.org, gcooper@plt-scheme.org,
        sstrickl@plt-scheme.org, sperber@deinprogramm.de
Subject: Re: [plt-bug] all/10239: macro stepper internal error
Date: Wed, 13 May 2009 17:07:36 -0400

 I can't reproduce the bug. Is there a branch/revision I can look at to  
 see where it's going wrong? (Or could you send me the macro stepper's  
 debugging file? That would work as well, and I probably wouldn't need  
 the scheme code.)
 
 Ryan
 
 
 
 On May 13, 2009, at 9:56 AM, robby@eecs.northwestern.edu wrote:
 
 > A new problem report is waiting at
 >  http://bugs.plt-scheme.org/query/?cmd=view&pr=10239
 >
 > Reported by Robby Findler for release: 4.1.5.5-svn10may2009
 >
 > *** Description:
 > The macro stepper produces this error:
 >
 > derivation-parser: error on token #61: <enter-local, #<syntax:/Users/ 
 > robby/svn/plt/collects/redex/reduction-semantics.ss:2:0>>
 >
 > === context ===
 > /Users/robby/svn/plt/collects/parser-tools/yacc.ss:323:16: parsing- 
 > loop
 > /Users/robby/svn/plt/collects/macro-debugger/model/trace.ss:37:12
 > /Users/robby/svn/plt/collects/scheme/promise.ss:102:0: force-proc
 > /Users/robby/svn/plt/collects/scheme/private/more-scheme.ss:271:2:  
 > call-with-exception-handler
 > /Users/robby/svn/plt/collects/macro-debugger/view/view.ss:66:0: go
 > /Users/robby/svn/plt/collects/mred/private/snipfile.ss:248:28
 >
 > *** How to repeat:
 > Put the code below in a file called tmp.ss and run "mred -qr tmp.ss"  
 > from the shell.
 >
 > ---
 >
 > (require macro-debugger/stepper)
 >
 > (expand/step
 > #'(module tmp scheme
 >     (require redex/reduction-semantics)
 >     (define-language empty-language)
 >     (reduction-relation empty-language
 >                         (--> number_1
 >                              any_x
 >                              (where any_y 1)
 >                              (where any_x any_y)))))
 >
 > *** Environment:
 > macosx "Darwin taitung.ece.northwestern.edu 9.6.0 Darwin Kernel  
 > Version 9.6.0: Mon Nov 24 17:37:00 PST 2008; root:xnu-1228.9.59~1/ 
 > RELEASE_I386 i386" (i386-macosx/3m) (get-display-depth) = 32
 > Human Language: english
 > (current-memory-use) 162516796
 >
 > Collections:
 > (("/Users/robby/Library/PLT Scheme/4.1.5.5/collects" non-existent- 
 > path) ("/Users/robby/svn/exp/plt/collects" ".svn" "2htdp" "afm"  
 > "algol60" "at-exp" "browser" "combinator-parser" "compiler" "config"  
 > "defaults" "deinprogramm" "drscheme" "dynext" "embedded-gui" "eopl"  
 > "errortrace" "ffi" "file" "framework" "frtime" "games" "graphics"  
 > "gui-debugger" "guibuilder" "handin-client" "handin-server" "help"  
 > "hierlist" "honu" "htdch" "htdp" "html" "icons" "info-domain" "lang"  
 > "launcher" "lazy" "macro-debugger" "make" "mred" "mrlib" "mysterx"  
 > "mzcom" "mzlib" "mzscheme" "net" "openssl" "parser-tools" "planet"  
 > "plot" "preprocessor" "profile" "profj" "profjWizard" "r5rs" "r6rs"  
 > "readline" "redex" "repos-time-stamp" "rnrs" "s-exp" "scheme"  
 > "schemeunit" "scribble" "scribblings" "scriblib" "setup" "sgl"  
 > "sirmail" "slatex" "slideshow" "srfi" "srpersist" "stepper" "string- 
 > constants" "stxclass" "swindle" "syntax" "syntax-color" "teachpack"  
 > "test-box-recovery" "test-engine" "tests" "tex2page" "tex!
 > pict" "trace" "typed" "typed-scheme" "version" "waterworld" "web- 
 > server" "wxme" "xml"))
 > Computer Language: (("Module") (#(#t write mixed-fraction-e #f #t  
 > debug) (default) #() "#lang scheme\n" #t))
 >
 
From: Robby Findler <robby@eecs.northwestern.edu>
To: Ryan Culpepper <ryanc@ccs.neu.edu>
Cc: "bugs@plt-scheme.org" <bugs@plt-scheme.org>
Subject: Re: [plt-bug] all/10239: macro stepper internal error
Date: Thu, 14 May 2009 14:19:58 -0500

 On Wed, May 13, 2009 at 4:07 PM, Ryan Culpepper <ryanc@ccs.neu.edu> wrote:
 > I can't reproduce the bug. Is there a branch/revision I can look at to see
 > where it's going wrong? (Or could you send me the macro stepper's debugging
 > file? That would work as well, and I probably wouldn't need the scheme
 > code.)
 
 Oh, I see -- you need my (still a work in progress) version of redex.
 
 How do I get a debugging file?
 
 The stacktrace is all I get (I don't get a dialog box; I just get the
 error and a blank stepper window).
 
 Robby


State changed from "open" to "closed" by ryanc at Wed, 15 Dec 2010 14:39:31 -0500
Reason>>> can't reproduce

