From bugs+caf_=bugs=bugs.plt-scheme.org@plt-scheme.org Thu May  9 13:59:42 2013
Received: from mail-ob0-f178.google.com (mail-ob0-f178.google.com [209.85.214.178])
	by champlain.ccs.neu.edu (8.14.4/8.14.4) with ESMTP id r49Hxc20011299
	for <bugs@bugs.plt-scheme.org>; Thu, 9 May 2013 13:59:38 -0400
Message-Id: <201305091759.r49HxYcq011292@champlain.ccs.neu.edu>
Date: Thu, 9 May 2013 13:59:34 -0400
From: mb@mbtype.com
To: bugs@racket-lang.org
Subject: make install throws error on paths with word spaces in them

>Number:         13745
>Category:       all
>Synopsis:       make install throws error on paths with word spaces in them
>Class:          sw-bug
>Responsible:    nobody
>Severity:       non-critical
>Priority:       medium
>State:          open
>Confidential:   no
>Arrival-Date:   Thu May 09 14:00:01 -0400 2013
>Originator:     Matthew Butterick
>Organization:
plt
>Submitter-Id:   unknown
>Release:        5.3.4.10
>Environment:
10.6.8
>Description:
During make install on OS X 10.6.8, installer throws an error when installation path has a word space in the name. Here's how it looked on my machine. Note that the path is properly quoted in most of the bash commands, but when it gets to rm -f, it is not quoted, mand thus triggers the error.

I installed 5.3.4.10 from source on another Mac without a word space in the path, and it worked fine.


make install-3m
make install-3m-common
make install-common-first
mkdir -p "/Volumes/Users SSD/Users/MB/Desktop/plt-aa93389/bin" "/Volumes/Users SSD/Users/MB/Desktop/plt-aa93389/collects" "/Volumes/Users SSD/Users/MB/Desktop/plt-aa93389/doc" "/Volumes/Users SSD/Users/MB/Desktop/plt-aa93389/lib" "/Volumes/Users SSD/Users/MB/Desktop/plt-aa93389/include" "/Volumes/Users SSD/Users/MB/Desktop/plt-aa93389/lib" "/Volumes/Users SSD/Users/MB/Desktop/plt-aa93389/man"
racket/racketcgc -c "../get-libs.rkt" core "/Volumes/Users SSD/Users/MB/Desktop/plt-aa93389/lib"
>> No core libraries to download for x86_64-macosx
racket/racketcgc -c "../get-libs.rkt" math "/Volumes/Users SSD/Users/MB/Desktop/plt-aa93389/lib"
>> Getting math libraries for x86_64-macosx
>> All files present, no downloads needed.
racket/racketcgc -c "../get-libs.rkt" db "/Volumes/Users SSD/Users/MB/Desktop/plt-aa93389/lib"
>> No db libraries to download for x86_64-macosx
racket/racketcgc -c "../get-libs.rkt" com "/Volumes/Users SSD/Users/MB/Desktop/plt-aa93389/lib"
>> No com libraries to download for x86_64-macosx
cd racket; make install-3m
make headers
./racketcgc -cqu ../../racket/mkincludes.rkt "/Volumes/Users SSD/Users/MB/Desktop/plt-aa93389/include" "../../racket" .
Making /Volumes/Users SSD/Users/MB/Desktop/plt-aa93389/include
Done.
make osx-install
make unix-install
cd ..; rm -f "/Volumes/Users SSD/Users/MB/Desktop/plt-aa93389/bin/racketcgc"
cd ..; rm -f "/Volumes/Users SSD/Users/MB/Desktop/plt-aa93389/bin/racket"
cd ..; cp racket/starter "/Volumes/Users SSD/Users/MB/Desktop/plt-aa93389/lib/starter"
cd ..; strip -S "/Volumes/Users SSD/Users/MB/Desktop/plt-aa93389/lib/starter"
./racketcgc -cu "../../racket/collects-path.rkt" "/Volumes/Users SSD/Users/MB/Desktop/plt-aa93389/lib/starter" ../collects
cd ..; echo 'CC=gcc' > "/Volumes/Users SSD/Users/MB/Desktop/plt-aa93389/lib/buildinfo"
cd ..; echo 'CFLAGS=-g -O2  -DOS_X -D_DARWIN_UNLIMITED_SELECT -pthread  -Wall' >> "/Volumes/Users SSD/Users/MB/Desktop/plt-aa93389/lib/buildinfo"
cd ..; echo 'OPTIONS= -fno-common' >> "/Volumes/Users SSD/Users/MB/Desktop/plt-aa93389/lib/buildinfo"
cd ..; echo 'MZOPTIONS=' >> "/Volumes/Users SSD/Users/MB/Desktop/plt-aa93389/lib/buildinfo"
cd ..; echo "LDFLAGS= -pthread" >> "/Volumes/Users SSD/Users/MB/Desktop/plt-aa93389/lib/buildinfo"
cd ..; echo 'LIBS=-ldl -lm  -liconv ' >> "/Volumes/Users SSD/Users/MB/Desktop/plt-aa93389/lib/buildinfo"
rm -f /Volumes/Users SSD/Users/MB/Desktop/plt-aa93389/lib/Racket.framework/Racket
rm: /Volumes/Users: is a directory
make[4]: *** [osx-install] Error 1
make[3]: *** [install-3m] Error 2
make[2]: *** [install-3m-common] Error 2
make[1]: *** [install-3m] Error 2
make: *** [install] Error 2
>How-To-Repeat:
Run make install on a directory with a word space in the path.
>Fix:
