From bugs+caf_=bugs=bugs.plt-scheme.org@plt-scheme.org Tue Jul  9 00:24:34 2013
Received: from mail-ob0-f180.google.com (mail-ob0-f180.google.com [209.85.214.180])
	by champlain.ccs.neu.edu (8.14.4/8.14.4) with ESMTP id r694OV0t018351
	for <bugs@bugs.plt-scheme.org>; Tue, 9 Jul 2013 00:24:31 -0400
Message-Id: <201307090424.r694OT9K018345@champlain.ccs.neu.edu>
Date: Tue, 9 Jul 2013 00:24:29 -0400
From: eric.n.dobson@gmail.com
To: bugs@racket-lang.org
Subject: Racket doesn't build cleanly

>Number:         13908
>Category:       all
>Synopsis:       Racket doesn't build cleanly
>Class:          sw-bug
>Responsible:    nobody
>Severity:       serious
>Priority:       medium
>State:          closed
>Confidential:   no
>Arrival-Date:   Tue Jul 09 00:28:01 -0400 2013
>Closed-Date:    Sat Jul 20 16:19:56 -0400 2013
>Last-Modified:  Sat Jul 20 16:19:56 -0400 2013
>Originator:     Eric Dobson
>Organization:
plt
>Submitter-Id:   unknown
>Release:        5.3.4.11
>Environment:
MacIntel / Mozilla/5.0 (Macintosh; Intel Mac OS X 10_8_2) AppleWebKit/537.28 (KHTML, like Gecko) Chrome/26.0.1397.2 Safari/537.28
>Description:
In a clean repo (9cc50dc914649aec00ba0b6ce8427f6bc92a113f):
make PKGS="typed-racket-lib typed-racket-tests" CONFIGURE_ARGS_qq='--disable-docs' -j 10

Fails with an errore message of:
member: not a proper list: #f
  context...:
   /Users/endobson/proj/racket/plt/racket/lib/collects/setup/setup-unit.rkt:1593:34: for-loop
   /Users/endobson/proj/racket/plt/racket/lib/collects/setup/setup-unit.rkt:1585:2: do-check-package-dependencies
   /Users/endobson/proj/racket/plt/racket/lib/collects/setup/setup-go.rkt: [running body]
   /Users/endobson/proj/racket/plt/racket/lib/collects/setup/main.rkt: [running body]
   /Users/endobson/proj/racket/plt/racket/lib/collects/raco/main.rkt: [running body]
make[1]: *** [plain-in-place] Error 1
make: *** [in-place] Error 2
>How-To-Repeat:
>Fix:
>Audit-Trail:
From: Matthew Flatt <mflatt@cs.utah.edu>
To: eric.n.dobson@gmail.com, bugs@racket-lang.org
Cc: nobody@racket-lang.org, bug-notification@racket-lang.org
Subject: Re: [racket-bug] all/13908: Racket doesn't build cleanly
Date: Tue, 9 Jul 2013 06:25:22 -0600

 I'm not able to replicate this problem, so I think there must be
 something in your environment --- maybe a link or packages
 configuration file that some previous version has mangled. Do you have
 any related files in "~/Library/Racket/"?
 
 At Tue, 9 Jul 2013 00:28:01 -0400, eric.n.dobson@gmail.com wrote:
 > A new problem report is waiting at
 >   http://bugs.racket-lang.org/query/?cmd=view&pr=13908
 > 
 > Reported by Eric Dobson for release: 5.3.4.11
 > 
 > *** Description:
 > In a clean repo (9cc50dc914649aec00ba0b6ce8427f6bc92a113f):
 > make PKGS="typed-racket-lib typed-racket-tests" 
 > CONFIGURE_ARGS_qq='--disable-docs' -j 10
 > 
 > Fails with an errore message of:
 > member: not a proper list: #f
 >   context...:
 >    
 > /Users/endobson/proj/racket/plt/racket/lib/collects/setup/setup-unit.rkt:1593:34
 > : for-loop
 >    
 > /Users/endobson/proj/racket/plt/racket/lib/collects/setup/setup-unit.rkt:1585:2:
 >  do-check-package-dependencies
 >    /Users/endobson/proj/racket/plt/racket/lib/collects/setup/setup-go.rkt: 
 > [running body]
 >    /Users/endobson/proj/racket/plt/racket/lib/collects/setup/main.rkt: [running 
 > body]
 >    /Users/endobson/proj/racket/plt/racket/lib/collects/raco/main.rkt: [running 
 > body]
 > make[1]: *** [plain-in-place] Error 1
 > make: *** [in-place] Error 2
 > 
 > *** How to repeat:
 > 
 > 
 > *** Environment:
 > MacIntel / Mozilla/5.0 (Macintosh; Intel Mac OS X 10_8_2) AppleWebKit/537.28 
 > (KHTML, like Gecko) Chrome/26.0.1397.2 Safari/537.28
From: Eric Dobson <eric.n.dobson@gmail.com>
To: Matthew Flatt <mflatt@cs.utah.edu>
Cc: bugs <bugs@racket-lang.org>, nobody <nobody@racket-lang.org>,
        bug-notification <bug-notification@racket-lang.org>
Subject: Re: [racket-bug] all/13908: Racket doesn't build cleanly
Date: Tue, 9 Jul 2013 09:37:14 -0700

 It still happened when I deleted all my links, but on deleting all of
 the ~/Library/Racket/5.3.900.5 it built cleanly.
 
 On Tue, Jul 9, 2013 at 5:25 AM, Matthew Flatt <mflatt@cs.utah.edu> wrote:
 > I'm not able to replicate this problem, so I think there must be
 > something in your environment --- maybe a link or packages
 > configuration file that some previous version has mangled. Do you have
 > any related files in "~/Library/Racket/"?
 >
 > At Tue, 9 Jul 2013 00:28:01 -0400, eric.n.dobson@gmail.com wrote:
 >> A new problem report is waiting at
 >>   http://bugs.racket-lang.org/query/?cmd=view&pr=13908
 >>
 >> Reported by Eric Dobson for release: 5.3.4.11
 >>
 >> *** Description:
 >> In a clean repo (9cc50dc914649aec00ba0b6ce8427f6bc92a113f):
 >> make PKGS="typed-racket-lib typed-racket-tests"
 >> CONFIGURE_ARGS_qq='--disable-docs' -j 10
 >>
 >> Fails with an errore message of:
 >> member: not a proper list: #f
 >>   context...:
 >>
 >> /Users/endobson/proj/racket/plt/racket/lib/collects/setup/setup-unit.rkt:1593:34
 >> : for-loop
 >>
 >> /Users/endobson/proj/racket/plt/racket/lib/collects/setup/setup-unit.rkt:1585:2:
 >>  do-check-package-dependencies
 >>    /Users/endobson/proj/racket/plt/racket/lib/collects/setup/setup-go.rkt:
 >> [running body]
 >>    /Users/endobson/proj/racket/plt/racket/lib/collects/setup/main.rkt: [running
 >> body]
 >>    /Users/endobson/proj/racket/plt/racket/lib/collects/raco/main.rkt: [running
 >> body]
 >> make[1]: *** [plain-in-place] Error 1
 >> make: *** [in-place] Error 2
 >>
 >> *** How to repeat:
 >>
 >>
 >> *** Environment:
 >> MacIntel / Mozilla/5.0 (Macintosh; Intel Mac OS X 10_8_2) AppleWebKit/537.28
 >> (KHTML, like Gecko) Chrome/26.0.1397.2 Safari/537.28

State changed from "open" to "closed" by endobson at Sat, 20 Jul 2013 16:19:56 -0400
Reason>>> Could not replicate.

