From bugs+caf_=bugs=bugs.plt-scheme.org@plt-scheme.org Sun Sep  7 04:43:36 2014
Received: from mail-ie0-f182.google.com (mail-ie0-f182.google.com [209.85.223.182])
	by winooski.ccs.neu.edu (8.14.7/8.14.7) with ESMTP id s878hQUB029765
	for <bugs@bugs.plt-scheme.org>; Sun, 7 Sep 2014 04:43:27 -0400
Message-Id: <201409070843.s878hOYn029758@winooski.ccs.neu.edu>
Date: Sun, 7 Sep 2014 04:43:24 -0400
From: whukriede@geomar.de
To: bugs@racket-lang.org
Subject: compilation fails (flonum typecheck)

>Number:         14727
>Category:       all
>Synopsis:       compilation fails (flonum typecheck)
>Class:          sw-bug
>Responsible:    nobody
>Severity:       serious
>Priority:       medium
>State:          closed
>Confidential:   no
>Arrival-Date:   Sun Sep 07 04:44:01 -0400 2014
>Closed-Date:    Thu Jul 30 17:50:43 -0400 2015
>Last-Modified:  Thu Jul 30 17:50:43 -0400 2015
>Originator:     Wolfgang Hukriede
>Organization:
plt
>Submitter-Id:   unknown
>Release:        6.1
>Environment:
Linux hostname 2.6.18-308.13.1.el5 #1 SMP Tue Aug 21 17:10:18 EDT 2012 x86_64 x86_64 x86_64 GNU/Linux
>Description:
Make install does not succeed.

There are numerous failure messages of the following type:

    /home/smomw108/usr/local/share/racket/pkgs/math-lib/math/private/flonum/flonum-exp.rkt:106:17: Type Checker: type mismatch
      expected: Nonnegative-Flonum
      given: Flonum
      in: (flexpt -2147483648.0 x)
      context...:

The final message is:

    raco setup: --- checking package dependencies ---
    call-with-file-lock/timeout: contract violation
      expected: (>=/c 0.0)
      given: -1202590842.0
      context...:
       /home/smomw108/usr/local/share/racket/collects/racket/file.rkt:298:0: call-with-file-lock/timeout35
       /home/smomw108/usr/local/share/racket/collects/pkg/lib.rkt:794:0: pkg-directory**52
       /home/smomw108/usr/local/share/racket/collects/racket/contract/private/arrow-val-first.rkt:255:18
       /home/smomw108/usr/local/share/racket/collects/setup/private/pkg-deps.rkt:107:2: get-immediate-pkg-info!
       /home/smomw108/usr/local/share/racket/collects/setup/private/pkg-deps.rkt:189:2: register-pkg!
       /home/smomw108/usr/local/share/racket/collects/setup/private/pkg-deps.rkt:225:2: init-pkg-internals!
       /home/smomw108/usr/local/share/racket/collects/setup/private/pkg-deps.rkt:425:2: for-loop
       /home/smomw108/usr/local/share/racket/collects/setup/private/pkg-deps.rkt:25:0: check-package-dependencies
       /home/smomw108/usr/local/share/racket/collects/setup/setup-core.rkt:65:0: setup-core
       /home/smomw108/usr/local/share/racket/collects/setup/setup-go.rkt: [running body]
       /home/smomw108/usr/local/share/racket/collects/setup/main.rkt: [running body]
    make[1]: *** [install-3m] Error 1
    make[1]: Leaving directory `/home/smomw108/imported-software/racket/6.1/racket-6.1/src'
    make: *** [install] Error 2

and that's it.
I can send the full log if you need that.

Many thanks!
Wolfgang Hukriede
>How-To-Repeat:
Download http://mirror.../mirror/racket/6.1/racket-6.1-src.tgz
Type:

    ./configure --prefix=$HOME/usr/local
    ./make
    ./make install
>Fix:
>Audit-Trail:
From: Robby Findler <robby@eecs.northwestern.edu>
To: bugs <bugs@racket-lang.org>
Cc: nobody <nobody@racket-lang.org>,
        bug-notification <bug-notification@racket-lang.org>
Subject: Re: [racket-bug] all/14727: compilation fails (flonum typecheck)
Date: Sun, 7 Sep 2014 08:30:21 -0500

 On Sun, Sep 7, 2014 at 8:20 AM, Wolfgang Hukriede <whukriede@geomar.de> wrote:
 > Btw, 5.93 does not compile either for the same reasons.
 > Thanks, greeetings,
 > Wolfgang
From: Neil Toronto <neil.toronto@gmail.com>
To: whukriede@geomar.de, bugs@racket-lang.org, nobody@racket-lang.org,
        bug-notification@racket-lang.org
Cc: 
Subject: Re: [racket-bug] all/14727: compilation fails (flonum typecheck)
Date: Sun, 07 Sep 2014 20:33:54 -0400

 That expression should be
 
      [else  (flexpt 2.0 x)]
 
 in which case it would typecheck just fine. Maybe you got some mangled 
 bits when you downloaded Racket? (I think the archive should have failed 
 to extract, if that's what happened.)
 
 It may be a strange localization/string conversion issue. Can you look 
 inside that file and reply with the contents of line 106?
 
 Neil âŠ¥
 
 On 09/07/2014 04:44 AM, whukriede@geomar.de wrote:
 > A new problem report is waiting at
 >    http://bugs.racket-lang.org/query/?cmd=view&pr=14727
 >
 > Reported by Wolfgang Hukriede for release: 6.1
 >
 > *** Description:
 > Make install does not succeed.
 >
 > There are numerous failure messages of the following type:
 >
 >      /home/smomw108/usr/local/share/racket/pkgs/math-lib/math/private/flonum/flonum-exp.rkt:106:17: Type Checker: type mismatch
 >        expected: Nonnegative-Flonum
 >        given: Flonum
 >        in: (flexpt -2147483648.0 x)
 >        context...:
 >
 > The final message is:
 >
 >      raco setup: --- checking package dependencies ---
 >      call-with-file-lock/timeout: contract violation
 >        expected: (>=/c 0.0)
 >        given: -1202590842.0
 >        context...:
 >         /home/smomw108/usr/local/share/racket/collects/racket/file.rkt:298:0: call-with-file-lock/timeout35
 >         /home/smomw108/usr/local/share/racket/collects/pkg/lib.rkt:794:0: pkg-directory**52
 >         /home/smomw108/usr/local/share/racket/collects/racket/contract/private/arrow-val-first.rkt:255:18
 >         /home/smomw108/usr/local/share/racket/collects/setup/private/pkg-deps.rkt:107:2: get-immediate-pkg-info!
 >         /home/smomw108/usr/local/share/racket/collects/setup/private/pkg-deps.rkt:189:2: register-pkg!
 >         /home/smomw108/usr/local/share/racket/collects/setup/private/pkg-deps.rkt:225:2: init-pkg-internals!
 >         /home/smomw108/usr/local/share/racket/collects/setup/private/pkg-deps.rkt:425:2: for-loop
 >         /home/smomw108/usr/local/share/racket/collects/setup/private/pkg-deps.rkt:25:0: check-package-dependencies
 >         /home/smomw108/usr/local/share/racket/collects/setup/setup-core.rkt:65:0: setup-core
 >         /home/smomw108/usr/local/share/racket/collects/setup/setup-go.rkt: [running body]
 >         /home/smomw108/usr/local/share/racket/collects/setup/main.rkt: [running body]
 >      make[1]: *** [install-3m] Error 1
 >      make[1]: Leaving directory `/home/smomw108/imported-software/racket/6.1/racket-6.1/src'
 >      make: *** [install] Error 2
 >
 > and that's it.
 > I can send the full log if you need that.
 >
 > Many thanks!
 > Wolfgang Hukriede
 >
 > *** How to repeat:
 > Download http://mirror.../mirror/racket/6.1/racket-6.1-src.tgz
 > Type:
 >
 >      ./configure --prefix=$HOME/usr/local
 >      ./make
 >      ./make install
 >
 > *** Environment:
 > Linux hostname 2.6.18-308.13.1.el5 #1 SMP Tue Aug 21 17:10:18 EDT 2012 x86_64 x86_64 x86_64 GNU/Linux
 >
 
From: Wolfgang Hukriede <whukriede@geomar.de>
To: bugs@racket-lang.org, Neil Toronto <neil.toronto@gmail.com>
Cc: 
Subject: Re: [racket-bug] all/14727: compilation fails (flonum typecheck)
Date: Mon, 8 Sep 2014 10:10:30 +0200 (CEST)

 Hi Neil,
 
 the sources look okay. I actually see 
 [else  (flexpt 2.0 x)]
 
 In another attempt I tried to skip the make install. Here's what comes out:
 
     $ echo $LC_ALL
     en_US.ISO8859-1
 
     $ cd racket-6.1/src
     $ ./configure --prefix=$HOME/usr/local
     $ make
     [finishes okay]
 
     $ racket/racket3m
     Welcome to Racket v6.1.
 
     > 2.0
     -2147483648.0
 
     > (string->number "2.0")
     -2147483648.0
 
     > (exact->inexact 2)
     2.0
 
     > 0.0
     46.0
 
     > -0.0
     -0.0
 
     > -2.0
     -2147483648.0
 
     > 2147483648.0
     -2147483648.0
 
     > 2147483649.0
     -2147483647.0
 
     > 12345.0
     -1058799616.0
 
 
 Many thanks, cheers, Wolfgang

State changed from "open" to "closed" by samth at Thu, 30 Jul 2015 17:50:43 -0400
Reason>>> worked

