From bugs+caf_=bugs=bugs.plt-scheme.org@plt-scheme.org Wed Jun 15 16:53:14 2016
Received: from mail-it0-f47.google.com (mail-it0-f47.google.com [209.85.214.47])
	by winooski.ccs.neu.edu (8.14.7/8.14.7) with ESMTP id u5FKrApa026946
	for <bugs@bugs.plt-scheme.org>; Wed, 15 Jun 2016 16:53:11 -0400
Message-Id: <201606152053.u5FKr6vl026939@winooski.ccs.neu.edu>
Date: Wed, 15 Jun 2016 16:53:06 -0400
From: clements@racket-lang.org
To: bugs@racket-lang.org
Subject: strange fragile "not procedure or structure-type constant"

>Number:         15312
>Category:       all
>Synopsis:       strange fragile "not procedure or structure-type constant"
>Class:          sw-bug
>Responsible:    nobody
>Severity:       serious
>Priority:       medium
>State:          open
>Confidential:   no
>Arrival-Date:   Wed Jun 15 16:56:01 -0400 2016
>Last-Modified:  Wed Jun 15 17:56:01 -0400 2016
>Originator:     John Clements
>Organization:
plt
>Submitter-Id:   unknown
>Release:        6.5.0.3--2016-04-18(-/f)
>Environment:
macosx "Darwin pajaro2.local 15.5.0 Darwin Kernel Version 15.5.0: Tue Apr 19 18:36:36 PDT 2016; root:xnu-3248.50.21~8/RELEASE_X86_64 x86_64" (x86_64-macosx/3m) (get-display-depth) = 32
Human Language: english
(current-memory-use) 1180783392
raco pkg (show):
Installation-wide:
 Package                 Checksum           Source
 compiler                8b7f426facadd4...  catalog...ompiler
 csv-reading             9761cc44d08439...  catalog...reading
 frog                    18cdb9a3d9669f...  catalog.../master
 handin                  bb2ce6ac4750be...  catalog.../master
 jbc-utils                                  link.../jbc-utils
 main-distribution       1a0cd523117ae3...  catalog...ibution
 main-distribution-test  046a93803a9e84...  catalog...on-test
 molis-hai                                  link.../molis-hai
 net                     8b7f426facadd4...  catalog...kgs/net
 osc                     4917218a24b5c5...  catalog.../master
 pfds                    d4a8809b4d621d...  catalog.../master
 plai-typed              e40ce884d9a767...  catalog.../master
 portaudio               b9403a6dfbfb5e...  clone...o/master/
 racket-handin-client    2df4c8f89cc93b...  url...2164-cpe430
 racket-lib                                 static-link...lib
 rsc3                    a25985dab29ad9...  clone...head/rsc3
 rsound                  4dc9c8f91aa76d...  catalog...master/
 sonic-pi                                   link...s/sonic-pi
 threading               4600f363e220bc...  catalog...reading
 [232 auto-installed packages not shown]
User-specific for installation "development":
 [none]



Collections:
("/Users/clements/Library/Racket/development/collects"
 (non-existent-path))
("/Users/clements/racket/racket/collects"
 (".gitignore" "acks" "compiler" "data" "db" "dynext" "ffi" "file" "info" "info-domain" "json" "launcher" "net" "openssl" "pkg" "planet" "racket" "raco" "reader" "realm" "s-exp" "setup" "syntax" "version" "xml"))

Recent Internal Errors: Saved 2 internal errors:

insert-file in text%: error loading the file (read-from-file-failed)
  context...:
   /Users/clements/racket/racket/share/pkgs/gui-lib/mred/private/wxme/text.rkt:2710:2: do-insert-file method in text%
   /Users/clements/racket/racket/share/pkgs/gui-lib/mred/private/editor.rkt:180:23
   /Users/clements/racket/racket/share/pkgs/gui-lib/mred/private/editor.rkt:174:19
   /Users/clements/racket/racket/share/pkgs/drracket/drracket/private/unit.rkt:2993:8: core4580
   /Users/clements/racket/racket/share/pkgs/drracket/drracket/private/unit.rkt:5471:6
   /Users/clements/racket/racket/collects/racket/contract/private/arrow-higher-order.rkt:369:33
   /Users/clements/racket/racket/collects/racket/contract/private/arrow-val-first.rkt:306:25
   /Users/clements/racket/racket/share/pkgs/gui-lib/mred/private/wxme/keymap.rkt:736:2: core502
   /Users/clements/racket/racket/share/pkgs/gui-lib/mred/private/wxme/keymap.rkt:508:2: chain-handle-key-event method in keymap%
   /Users/clements/racket/racket/share/pkgs/gui-lib/mred/private/wxme/keymap.rkt:496:4: for-loop
   /Users/clements/racket/racket/share/pkgs/gui-lib/mred/private/wxme/keymap.rkt:508:2: chain-handle-key-event method in keymap%
   /Users/clements/racket/racket/share/pkgs/gui-lib/mred/private/wxme/keymap.rkt:508:2: chain-handle-key-event method in keymap%
   /Users/clements/racket/racket/share/pkgs/gui-lib/mred/private/wxme/keymap.rkt:459:2: handle-key-event method in keymap%
   /Users/clements/racket/racket/share/pkgs/gui-lib/mred/private/wxmenu.rkt:54:22
   /Users/clements/racket/racket/collects/racket/private/more-scheme.rkt:148:2: call-with-break-parameterization
   /Users/clements/racket/racket/collects/ffi/unsafe/atomic.rkt:72:13
   ...


insert-file in text%: error loading the file (read-from-file-failed)
  context...:
   /Users/clements/racket/racket/share/pkgs/gui-lib/mred/private/wxme/text.rkt:2710:2: do-insert-file method in text%
   /Users/clements/racket/racket/share/pkgs/gui-lib/mred/private/editor.rkt:180:23
   /Users/clements/racket/racket/share/pkgs/gui-lib/mred/private/editor.rkt:174:19
   /Users/clements/racket/racket/share/pkgs/drracket/drracket/private/unit.rkt:2993:8: core4580
   /Users/clements/racket/racket/share/pkgs/drracket/drracket/private/unit.rkt:5471:6
   /Users/clements/racket/racket/collects/racket/contract/private/arrow-higher-order.rkt:369:33
   /Users/clements/racket/racket/collects/racket/contract/private/arrow-val-first.rkt:306:25
   /Users/clements/racket/racket/share/pkgs/gui-lib/mred/private/wxme/keymap.rkt:736:2: core502
   /Users/clements/racket/racket/share/pkgs/gui-lib/mred/private/wxme/keymap.rkt:508:2: chain-handle-key-event method in keymap%
   /Users/clements/racket/racket/share/pkgs/gui-lib/mred/private/wxme/keymap.rkt:496:4: for-loop
   /Users/clements/racket/racket/share/pkgs/gui-lib/mred/private/wxme/keymap.rkt:508:2: chain-handle-key-event method in keymap%
   /Users/clements/racket/racket/share/pkgs/gui-lib/mred/private/wxme/keymap.rkt:508:2: chain-handle-key-event method in keymap%
   /Users/clements/racket/racket/share/pkgs/gui-lib/mred/private/wxme/keymap.rkt:459:2: handle-key-event method in keymap%
   /Users/clements/racket/racket/share/pkgs/gui-lib/mred/private/wxmenu.rkt:54:22
   /Users/clements/racket/racket/collects/racket/private/more-scheme.rkt:148:2: call-with-break-parameterization
   /Users/clements/racket/racket/collects/ffi/unsafe/atomic.rkt:72:13
   ...

Computer Language: (("Determine language from source") (#(#t print mixed-fraction-e #f #t debug) (default) #() "#lang racket\n" #t #t ((test) (main)) #t))
>Description:
Trying to debug reproducible error in rsc3 
(see test failures on pkgs.racket-lang.org),
managed to reduce error to the following two
files. There are strange elements, e.g.
deleting the unused structure definition
makes the problem go away, inlining function
list1 makes the problem go away, looks like
some kind of optimizer bug? Also, problem
happens using command-line racket but not
consistently using DrRacket.
>How-To-Repeat:
1) Create file rhs.rkt containing this:

;;; rhs.rkt:

#lang racket


(provide (all-defined-out))

;; enumFromThenTo :: a -> a -> a -> [a]
(define enum-from-then-to
  (letrec ((efdt
            (lambda (f i x k)
              (cond ((= i k) (list1aoeu k))
                    ((f i k) null)
                    (else (cons i (efdt f (+ i x) x k)))))))
    (lambda (i j k)
      (let ((x (- j i)))
        (efdt (if (> x 0) > <) i x k)))))

;; enumFromTo :: a -> a -> [a]
(define enum-from-to
  (lambda (i j)
    (enum-from-then-to i (add1 i) j)))


(struct dupleaosetuh (p))

(define (list1aoeu x)
  (list x))

;;; end of rhs.rkt

2) Create file foo2.rkt in same directory with
this text:

;;; foo2.rkt

#lang racket

(require "rhs.rkt")

(enum-from-to 0 15)

;;; end of file foo2.rkt

3) *At the command-line*, run 

racket ./foo2.rkt

... see this error text:

link: bad variable linkage;
 reference to a variable that is not a procedure or structure-type constant across all instantiations
  reference phase level: 0
  variable module: "/tmp/rhs.rkt"
  variable phase: 0
  reference in module: "/tmp/foo2.rkt"
  in: enum-from-then-to
  context...:
   /tmp/foo2.rkt: [running body]
>Fix:
>Audit-Trail:
From: "John Clements" <clements@brinckerhoff.org>
To: bugs@racket-lang.org, bug-notification@racket-lang.org
Cc: clements@racket-lang.org
Subject: Re: [racket-bug] all/15312: strange fragile "not procedure or
 structure-type constant"
Date: Wed, 15 Jun 2016 17:56:02 -0400

 --_=aspNetEmail=_87c4ef9d824445738bfc47548d433d36
 Content-Type: text/plain; charset=UTF-8
 Content-Transfer-Encoding: quoted-printable
 
 It might be worth adding that this same behavior appears on an up-to-date=
  build, with version=0D=0A=0D=0Aversion 6=2E5=2E0=2E5--2016-06-15(-/f)=0D=
 =0A=0D=0A=0D=0A
 
 --_=aspNetEmail=_87c4ef9d824445738bfc47548d433d36
 Content-Type: application/pgp-signature;
 	name="signature.asc"
 Content-Transfer-Encoding: base64
 Content-Disposition: attachment;
 	filename="signature.asc"
 
 LS0tLS1CRUdJTiBQR1AgU0lHTkFUVVJFLS0tLS0NCkNvbW1lbnQ6IEdQR1Rvb2xzIC0gaHR0cHM6
 Ly9ncGd0b29scy5vcmcNCg0KaVFFY0JBRUJDZ0FHQlFKWFljN3hBQW9KRU40UHBuZVZ0TVB4RVd3
 SC9SRjR0L3dvc0YyNUxzVDFxNmJxc1MyVw0KY2orSVduOGc1RHh5L0R2Ny9vb2x0WEpJaS9NYWFN
 TVlVc3BBSHh0bTh4dTQ2Z2VnL3hzU2sxVTlEZ014MGcrZg0KRks3TEx2MnExRmlBdG1scnNoWFBH
 MzRneWpmUFNJaEJsRWovZGFVQ0RYZzN2VndYMmFpUThJNHRMSWtoMy9ENQ0KVjh4NGd0Rk1yRURz
 azBVV01nM0piSndzcmZnekRaaHJFSmZwUDFnSkhMQXZtelE0YUUreXZRK2VwVldqT2hEbQ0KcjFt
 ek1YM1JRZmU0NjRTU1NybWtJUFVBczQrNitsQkdsUjFraW5Jc1VoczhsakxZWDdxS3EwZUk3dWVz
 Vzl6TA0KajhqeHB6cXlwQVhpNWRnRlVsZE0vQkk0cjZ5azZTK0hqWDFMdUtVYUJsSVZKbm5ZeWxY
 NUVyV093bU1qWlJFPQ0KPXordncNCi0tLS0tRU5EIFBHUCBTSUdOQVRVUkUtLS0tLQ0K
 
 --_=aspNetEmail=_87c4ef9d824445738bfc47548d433d36--
 
