From bugs+caf_=bugs=bugs.plt-scheme.org@plt-scheme.org Thu Jul 28 19:04:21 2016
Received: from mail-it0-f47.google.com (mail-it0-f47.google.com [209.85.214.47])
	by winooski.ccs.neu.edu (8.14.7/8.14.7) with ESMTP id u6SN4Iex022835
	for <bugs@bugs.plt-scheme.org>; Thu, 28 Jul 2016 19:04:19 -0400
Message-Id: <201607282304.u6SN4Grm022828@winooski.ccs.neu.edu>
Date: Thu, 28 Jul 2016 19:04:16 -0400
From: spdegabrielle@gmail.com
To: bugs@racket-lang.org
Subject: error whe usign search/replace in DrRacket

>Number:         15333
>Category:       all
>Synopsis:       error whe usign search/replace in DrRacket
>Class:          sw-bug
>Responsible:    nobody
>Severity:       non-critical
>Priority:       medium
>State:          closed
>Confidential:   no
>Arrival-Date:   Thu Jul 28 19:08:01 -0400 2016
>Closed-Date:    Fri Jul 29 20:35:02 -0400 2016
>Last-Modified:  Fri Jul 29 20:35:02 -0400 2016
>Originator:     Stephen De Gabrielle
>Organization:
plt
>Submitter-Id:   unknown
>Release:        6.6.0.2--2016-07-24(99dd403/a)
>Environment:
macosx "Darwin Miriams-MacBook-Pro.local 15.6.0 Darwin Kernel Version 15.6.0: Thu Jun 23 18:25:34 PDT 2016; root:xnu-3248.60.10~1/RELEASE_X86_64 x86_64" (x86_64-macosx/3m) (get-display-depth) = 32
Human Language: english
(current-memory-use) 1020875128
raco pkg (show):
Installation-wide:
 Package     Checksum                                  Source
 drracket    8a8e2ffb32a28d192d48cdedbe47797e43071850  catalog drracket
 racket-lib  64ea261bd0532c312c0e07e8324839438a4b5c04  catalog racket-lib
 [107 auto-installed packages not shown]
User-specific for installation "snapshot":
 [none]



Collections:
("/Users/spdegabrielle/Library/Racket/snapshot/collects"
 (non-existent-path))
("/Applications/Racket v6.6.0.2/collects"
 ("acks" "compiler" "data" "db" "dynext" "ffi" "file" "info" "info-domain" "json" "launcher" "net" "openssl" "pkg" "planet" "racket" "rackunit" "raco" "reader" "realm" "s-exp" "scheme" "setup" "srfi" "syntax" "unstable" "version" "xml"))

Recent Internal Errors: Saved 5 internal errors:

do-search method in ...ork/private/text.rkt:1136:2: arity mismatch;
 the expected number of arguments does not match the given number
  expected: 2
  given: 3
  arguments...:
   (object:...ivate/get-extend.rkt:134:12 ...)
   3911
   'eof
  context...:
   /Applications/Racket v6.6.0.2/share/pkgs/gui-lib/framework/private/text.rkt:1250:9
   /Applications/Racket v6.6.0.2/share/pkgs/gui-lib/mred/private/wx/common/queue.rkt:454:6
   /Applications/Racket v6.6.0.2/share/pkgs/gui-lib/mred/private/wx/common/queue.rkt:505:32
   /Applications/Racket v6.6.0.2/share/pkgs/gui-lib/mred/private/wx/common/queue.rkt:653:3


do-search method in ...ork/private/text.rkt:1136:2: arity mismatch;
 the expected number of arguments does not match the given number
  expected: 2
  given: 3
  arguments...:
   (object:...ivate/get-extend.rkt:134:12 ...)
   4016
   'eof
  context...:
   /Applications/Racket v6.6.0.2/share/pkgs/gui-lib/framework/private/text.rkt:1250:9
   /Applications/Racket v6.6.0.2/share/pkgs/gui-lib/mred/private/wx/common/queue.rkt:454:6
   /Applications/Racket v6.6.0.2/share/pkgs/gui-lib/mred/private/wx/common/queue.rkt:505:32
   /Applications/Racket v6.6.0.2/share/pkgs/gui-lib/mred/private/wx/common/queue.rkt:653:3


do-search method in ...ork/private/text.rkt:1136:2: arity mismatch;
 the expected number of arguments does not match the given number
  expected: 2
  given: 3
  arguments...:
   (object:...ivate/get-extend.rkt:134:12 ...)
   1256
   'eof
  context...:
   /Applications/Racket v6.6.0.2/share/pkgs/gui-lib/framework/private/text.rkt:1250:9
   /Applications/Racket v6.6.0.2/share/pkgs/gui-lib/mred/private/wx/common/queue.rkt:454:6
   /Applications/Racket v6.6.0.2/share/pkgs/gui-lib/mred/private/wx/common/queue.rkt:505:32
   /Applications/Racket v6.6.0.2/share/pkgs/gui-lib/mred/private/wx/common/queue.rkt:653:3


do-search method in ...ork/private/text.rkt:1136:2: arity mismatch;
 the expected number of arguments does not match the given number
  expected: 2
  given: 3
  arguments...:
   (object:...ivate/get-extend.rkt:134:12 ...)
   849
   'eof
  context...:
   /Applications/Racket v6.6.0.2/share/pkgs/gui-lib/framework/private/text.rkt:1250:9
   /Applications/Racket v6.6.0.2/share/pkgs/gui-lib/mred/private/wx/common/queue.rkt:454:6
   /Applications/Racket v6.6.0.2/share/pkgs/gui-lib/mred/private/wx/common/queue.rkt:505:32
   /Applications/Racket v6.6.0.2/share/pkgs/gui-lib/mred/private/wx/common/queue.rkt:653:3


do-search method in ...ork/private/text.rkt:1136:2: arity mismatch;
 the expected number of arguments does not match the given number
  expected: 2
  given: 3
  arguments...:
   (object:...ivate/get-extend.rkt:134:12 ...)
   757
   'eof
  context...:
   /Applications/Racket v6.6.0.2/share/pkgs/gui-lib/framework/private/text.rkt:1250:9
   /Applications/Racket v6.6.0.2/share/pkgs/gui-lib/mred/private/wx/common/queue.rkt:454:6
   /Applications/Racket v6.6.0.2/share/pkgs/gui-lib/mred/private/wx/common/queue.rkt:505:32
   /Applications/Racket v6.6.0.2/share/pkgs/gui-lib/mred/private/wx/common/queue.rkt:653:3

Computer Language: (("Determine language from source") (#(#t print mixed-fraction-e #f #t debug) (default) #() "#lang racket\n" #t #t ((test) (main)) #t))
>Description:
do-search method in ...ork/private/text.rkt:1136:2: arity mismatch;
 the expected number of arguments does not match the given number
  expected: 2
  given: 3
  arguments...:
   (object:...ivate/get-extend.rkt:134:12 ...)
   3878
   'eof
  context...:
   /Applications/Racket v6.6.0.2/share/pkgs/gui-lib/framework/private/text.rkt:1250:9
   /Applications/Racket v6.6.0.2/share/pkgs/gui-lib/mred/private/wx/common/queue.rkt:454:6
   /Applications/Racket v6.6.0.2/share/pkgs/gui-lib/mred/private/wx/common/queue.rkt:505:32
   /Applications/Racket v6.6.0.2/share/pkgs/gui-lib/mred/private/wx/common/queue.rkt:653:3
>How-To-Repeat:
would trigger each time I hit 'replace buton
>Fix:
>Audit-Trail:
From: Robby Findler <robby@eecs.northwestern.edu>
To: Stephen De Gabrielle <spdegabrielle@gmail.com>,
        bugs <bugs@racket-lang.org>
Cc: nobody <nobody@racket-lang.org>,
        bug-notification <bug-notification@racket-lang.org>
Subject: Re: [racket-bug] all/15333: error whe usign search/replace in DrRacket
Date: Thu, 28 Jul 2016 20:09:53 -0500

 This bug was fixed about 2 days ago, I believe. Can you try updating
 your racket? Here's the commit that fixes it, I believe:
 
 https://github.com/racket/gui/commit/fcd134eebeabb779c82bd616f12964322951c37d
 
 Robby
 
 On Thu, Jul 28, 2016 at 6:08 PM,  <spdegabrielle@gmail.com> wrote:
 > A new problem report is waiting at
 >   http://bugs.racket-lang.org/query/?cmd=view&pr=15333
 >
 > Reported by Stephen De Gabrielle for release: 6.6.0.2--2016-07-24(99dd403/a)
 >
 > *** Description:
 > do-search method in ...ork/private/text.rkt:1136:2: arity mismatch;
 >  the expected number of arguments does not match the given number
 >   expected: 2
 >   given: 3
 >   arguments...:
 >    (object:...ivate/get-extend.rkt:134:12 ...)
 >    3878
 >    'eof
 >   context...:
 >    /Applications/Racket v6.6.0.2/share/pkgs/gui-lib/framework/private/text.rkt:1250:9
 >    /Applications/Racket v6.6.0.2/share/pkgs/gui-lib/mred/private/wx/common/queue.rkt:454:6
 >    /Applications/Racket v6.6.0.2/share/pkgs/gui-lib/mred/private/wx/common/queue.rkt:505:32
 >    /Applications/Racket v6.6.0.2/share/pkgs/gui-lib/mred/private/wx/common/queue.rkt:653:3
 >
 > *** How to repeat:
 > would trigger each time I hit 'replace buton
 >
 > *** Environment:
 > macosx "Darwin Miriams-MacBook-Pro.local 15.6.0 Darwin Kernel Version 15.6.0: Thu Jun 23 18:25:34 PDT 2016; root:xnu-3248.60.10~1/RELEASE_X86_64 x86_64" (x86_64-macosx/3m) (get-display-depth) = 32
 > Human Language: english
 > (current-memory-use) 1020875128
 > raco pkg (show):
 > Installation-wide:
 >  Package     Checksum                                  Source
 >  drracket    8a8e2ffb32a28d192d48cdedbe47797e43071850  catalog drracket
 >  racket-lib  64ea261bd0532c312c0e07e8324839438a4b5c04  catalog racket-lib
 >  [107 auto-installed packages not shown]
 > User-specific for installation "snapshot":
 >  [none]
 >
 >
 >
 > Collections:
 > ("/Users/spdegabrielle/Library/Racket/snapshot/collects"
 >  (non-existent-path))
 > ("/Applications/Racket v6.6.0.2/collects"
 >  ("acks" "compiler" "data" "db" "dynext" "ffi" "file" "info" "info-domain" "json" "launcher" "net" "openssl" "pkg" "planet" "racket" "rackunit" "raco" "reader" "realm" "s-exp" "scheme" "setup" "srfi" "syntax" "unstable" "version" "xml"))
 >
 > Recent Internal Errors: Saved 5 internal errors:
 >
 > do-search method in ...ork/private/text.rkt:1136:2: arity mismatch;
 >  the expected number of arguments does not match the given number
 >   expected: 2
 >   given: 3
 >   arguments...:
 >    (object:...ivate/get-extend.rkt:134:12 ...)
 >    3911
 >    'eof
 >   context...:
 >    /Applications/Racket v6.6.0.2/share/pkgs/gui-lib/framework/private/text.rkt:1250:9
 >    /Applications/Racket v6.6.0.2/share/pkgs/gui-lib/mred/private/wx/common/queue.rkt:454:6
 >    /Applications/Racket v6.6.0.2/share/pkgs/gui-lib/mred/private/wx/common/queue.rkt:505:32
 >    /Applications/Racket v6.6.0.2/share/pkgs/gui-lib/mred/private/wx/common/queue.rkt:653:3
 >
 >
 > do-search method in ...ork/private/text.rkt:1136:2: arity mismatch;
 >  the expected number of arguments does not match the given number
 >   expected: 2
 >   given: 3
 >   arguments...:
 >    (object:...ivate/get-extend.rkt:134:12 ...)
 >    4016
 >    'eof
 >   context...:
 >    /Applications/Racket v6.6.0.2/share/pkgs/gui-lib/framework/private/text.rkt:1250:9
 >    /Applications/Racket v6.6.0.2/share/pkgs/gui-lib/mred/private/wx/common/queue.rkt:454:6
 >    /Applications/Racket v6.6.0.2/share/pkgs/gui-lib/mred/private/wx/common/queue.rkt:505:32
 >    /Applications/Racket v6.6.0.2/share/pkgs/gui-lib/mred/private/wx/common/queue.rkt:653:3
 >
 >
 > do-search method in ...ork/private/text.rkt:1136:2: arity mismatch;
 >  the expected number of arguments does not match the given number
 >   expected: 2
 >   given: 3
 >   arguments...:
 >    (object:...ivate/get-extend.rkt:134:12 ...)
 >    1256
 >    'eof
 >   context...:
 >    /Applications/Racket v6.6.0.2/share/pkgs/gui-lib/framework/private/text.rkt:1250:9
 >    /Applications/Racket v6.6.0.2/share/pkgs/gui-lib/mred/private/wx/common/queue.rkt:454:6
 >    /Applications/Racket v6.6.0.2/share/pkgs/gui-lib/mred/private/wx/common/queue.rkt:505:32
 >    /Applications/Racket v6.6.0.2/share/pkgs/gui-lib/mred/private/wx/common/queue.rkt:653:3
 >
 >
 > do-search method in ...ork/private/text.rkt:1136:2: arity mismatch;
 >  the expected number of arguments does not match the given number
 >   expected: 2
 >   given: 3
 >   arguments...:
 >    (object:...ivate/get-extend.rkt:134:12 ...)
 >    849
 >    'eof
 >   context...:
 >    /Applications/Racket v6.6.0.2/share/pkgs/gui-lib/framework/private/text.rkt:1250:9
 >    /Applications/Racket v6.6.0.2/share/pkgs/gui-lib/mred/private/wx/common/queue.rkt:454:6
 >    /Applications/Racket v6.6.0.2/share/pkgs/gui-lib/mred/private/wx/common/queue.rkt:505:32
 >    /Applications/Racket v6.6.0.2/share/pkgs/gui-lib/mred/private/wx/common/queue.rkt:653:3
 >
 >
 > do-search method in ...ork/private/text.rkt:1136:2: arity mismatch;
 >  the expected number of arguments does not match the given number
 >   expected: 2
 >   given: 3
 >   arguments...:
 >    (object:...ivate/get-extend.rkt:134:12 ...)
 >    757
 >    'eof
 >   context...:
 >    /Applications/Racket v6.6.0.2/share/pkgs/gui-lib/framework/private/text.rkt:1250:9
 >    /Applications/Racket v6.6.0.2/share/pkgs/gui-lib/mred/private/wx/common/queue.rkt:454:6
 >    /Applications/Racket v6.6.0.2/share/pkgs/gui-lib/mred/private/wx/common/queue.rkt:505:32
 >    /Applications/Racket v6.6.0.2/share/pkgs/gui-lib/mred/private/wx/common/queue.rkt:653:3
 >
 > Computer Language: (("Determine language from source") (#(#t print mixed-fraction-e #f #t debug) (default) #() "#lang racket\n" #t #t ((test) (main)) #t))
 >
From: Stephen De Gabrielle <spdegabrielle@gmail.com>
To: Robby Findler <robby@eecs.northwestern.edu>
Cc: bugs <bugs@racket-lang.org>, nobody <nobody@racket-lang.org>,
        bug-notification <bug-notification@racket-lang.org>
Subject: Re: [racket-bug] all/15333: error whe usign search/replace in DrRacket
Date: Fri, 29 Jul 2016 17:33:58 +0100

 --001a114d48f8426d280538c8d1d1
 Content-Type: text/plain; charset=UTF-8
 
 Works perfectly in Minimal Dr Racket 6.6.0.3--2016-07-29(ef41bf2/a) [3m].
 Thanks.
 
 s.
 
 On Fri, Jul 29, 2016 at 2:09 AM, Robby Findler <robby@eecs.northwestern.edu>
 wrote:
 
 > This bug was fixed about 2 days ago, I believe. Can you try updating
 > your racket? Here's the commit that fixes it, I believe:
 >
 >
 > https://github.com/racket/gui/commit/fcd134eebeabb779c82bd616f12964322951c37d
 >
 > Robby
 >
 > On Thu, Jul 28, 2016 at 6:08 PM,  <spdegabrielle@gmail.com> wrote:
 > > A new problem report is waiting at
 > >   http://bugs.racket-lang.org/query/?cmd=view&pr=15333
 > >
 > > Reported by Stephen De Gabrielle for release:
 > 6.6.0.2--2016-07-24(99dd403/a)
 > >
 > > *** Description:
 > > do-search method in ...ork/private/text.rkt:1136:2: arity mismatch;
 > >  the expected number of arguments does not match the given number
 > >   expected: 2
 > >   given: 3
 > >   arguments...:
 > >    (object:...ivate/get-extend.rkt:134:12 ...)
 > >    3878
 > >    'eof
 > >   context...:
 > >    /Applications/Racket
 > v6.6.0.2/share/pkgs/gui-lib/framework/private/text.rkt:1250:9
 > >    /Applications/Racket
 > v6.6.0.2/share/pkgs/gui-lib/mred/private/wx/common/queue.rkt:454:6
 > >    /Applications/Racket
 > v6.6.0.2/share/pkgs/gui-lib/mred/private/wx/common/queue.rkt:505:32
 > >    /Applications/Racket
 > v6.6.0.2/share/pkgs/gui-lib/mred/private/wx/common/queue.rkt:653:3
 > >
 > > *** How to repeat:
 > > would trigger each time I hit 'replace buton
 > >
 > > *** Environment:
 > > macosx "Darwin Miriams-MacBook-Pro.local 15.6.0 Darwin Kernel Version
 > 15.6.0: Thu Jun 23 18:25:34 PDT 2016; root:xnu-3248.60.10~1/RELEASE_X86_64
 > x86_64" (x86_64-macosx/3m) (get-display-depth) = 32
 > > Human Language: english
 > > (current-memory-use) 1020875128
 > > raco pkg (show):
 > > Installation-wide:
 > >  Package     Checksum                                  Source
 > >  drracket    8a8e2ffb32a28d192d48cdedbe47797e43071850  catalog drracket
 > >  racket-lib  64ea261bd0532c312c0e07e8324839438a4b5c04  catalog racket-lib
 > >  [107 auto-installed packages not shown]
 > > User-specific for installation "snapshot":
 > >  [none]
 > >
 > >
 > >
 > > Collections:
 > > ("/Users/spdegabrielle/Library/Racket/snapshot/collects"
 > >  (non-existent-path))
 > > ("/Applications/Racket v6.6.0.2/collects"
 > >  ("acks" "compiler" "data" "db" "dynext" "ffi" "file" "info"
 > "info-domain" "json" "launcher" "net" "openssl" "pkg" "planet" "racket"
 > "rackunit" "raco" "reader" "realm" "s-exp" "scheme" "setup" "srfi" "syntax"
 > "unstable" "version" "xml"))
 > >
 > > Recent Internal Errors: Saved 5 internal errors:
 > >
 > > do-search method in ...ork/private/text.rkt:1136:2: arity mismatch;
 > >  the expected number of arguments does not match the given number
 > >   expected: 2
 > >   given: 3
 > >   arguments...:
 > >    (object:...ivate/get-extend.rkt:134:12 ...)
 > >    3911
 > >    'eof
 > >   context...:
 > >    /Applications/Racket
 > v6.6.0.2/share/pkgs/gui-lib/framework/private/text.rkt:1250:9
 > >    /Applications/Racket
 > v6.6.0.2/share/pkgs/gui-lib/mred/private/wx/common/queue.rkt:454:6
 > >    /Applications/Racket
 > v6.6.0.2/share/pkgs/gui-lib/mred/private/wx/common/queue.rkt:505:32
 > >    /Applications/Racket
 > v6.6.0.2/share/pkgs/gui-lib/mred/private/wx/common/queue.rkt:653:3
 > >
 > >
 > > do-search method in ...ork/private/text.rkt:1136:2: arity mismatch;
 > >  the expected number of arguments does not match the given number
 > >   expected: 2
 > >   given: 3
 > >   arguments...:
 > >    (object:...ivate/get-extend.rkt:134:12 ...)
 > >    4016
 > >    'eof
 > >   context...:
 > >    /Applications/Racket
 > v6.6.0.2/share/pkgs/gui-lib/framework/private/text.rkt:1250:9
 > >    /Applications/Racket
 > v6.6.0.2/share/pkgs/gui-lib/mred/private/wx/common/queue.rkt:454:6
 > >    /Applications/Racket
 > v6.6.0.2/share/pkgs/gui-lib/mred/private/wx/common/queue.rkt:505:32
 > >    /Applications/Racket
 > v6.6.0.2/share/pkgs/gui-lib/mred/private/wx/common/queue.rkt:653:3
 > >
 > >
 > > do-search method in ...ork/private/text.rkt:1136:2: arity mismatch;
 > >  the expected number of arguments does not match the given number
 > >   expected: 2
 > >   given: 3
 > >   arguments...:
 > >    (object:...ivate/get-extend.rkt:134:12 ...)
 > >    1256
 > >    'eof
 > >   context...:
 > >    /Applications/Racket
 > v6.6.0.2/share/pkgs/gui-lib/framework/private/text.rkt:1250:9
 > >    /Applications/Racket
 > v6.6.0.2/share/pkgs/gui-lib/mred/private/wx/common/queue.rkt:454:6
 > >    /Applications/Racket
 > v6.6.0.2/share/pkgs/gui-lib/mred/private/wx/common/queue.rkt:505:32
 > >    /Applications/Racket
 > v6.6.0.2/share/pkgs/gui-lib/mred/private/wx/common/queue.rkt:653:3
 > >
 > >
 > > do-search method in ...ork/private/text.rkt:1136:2: arity mismatch;
 > >  the expected number of arguments does not match the given number
 > >   expected: 2
 > >   given: 3
 > >   arguments...:
 > >    (object:...ivate/get-extend.rkt:134:12 ...)
 > >    849
 > >    'eof
 > >   context...:
 > >    /Applications/Racket
 > v6.6.0.2/share/pkgs/gui-lib/framework/private/text.rkt:1250:9
 > >    /Applications/Racket
 > v6.6.0.2/share/pkgs/gui-lib/mred/private/wx/common/queue.rkt:454:6
 > >    /Applications/Racket
 > v6.6.0.2/share/pkgs/gui-lib/mred/private/wx/common/queue.rkt:505:32
 > >    /Applications/Racket
 > v6.6.0.2/share/pkgs/gui-lib/mred/private/wx/common/queue.rkt:653:3
 > >
 > >
 > > do-search method in ...ork/private/text.rkt:1136:2: arity mismatch;
 > >  the expected number of arguments does not match the given number
 > >   expected: 2
 > >   given: 3
 > >   arguments...:
 > >    (object:...ivate/get-extend.rkt:134:12 ...)
 > >    757
 > >    'eof
 > >   context...:
 > >    /Applications/Racket
 > v6.6.0.2/share/pkgs/gui-lib/framework/private/text.rkt:1250:9
 > >    /Applications/Racket
 > v6.6.0.2/share/pkgs/gui-lib/mred/private/wx/common/queue.rkt:454:6
 > >    /Applications/Racket
 > v6.6.0.2/share/pkgs/gui-lib/mred/private/wx/common/queue.rkt:505:32
 > >    /Applications/Racket
 > v6.6.0.2/share/pkgs/gui-lib/mred/private/wx/common/queue.rkt:653:3
 > >
 > > Computer Language: (("Determine language from source") (#(#t print
 > mixed-fraction-e #f #t debug) (default) #() "#lang racket\n" #t #t ((test)
 > (main)) #t))
 > >
 >
 
 --001a114d48f8426d280538c8d1d1
 Content-Type: text/html; charset=UTF-8
 Content-Transfer-Encoding: quoted-printable
 
 <div dir=3D"ltr">Works perfectly in Minimal Dr Racket=C2=A06.6.0.3--2016-07=
 -29(ef41bf2/a) [3m].<div>Thanks.=C2=A0</div><div><br></div><div>s.</div></d=
 iv><div class=3D"gmail_extra"><br><div class=3D"gmail_quote">On Fri, Jul 29=
 , 2016 at 2:09 AM, Robby Findler <span dir=3D"ltr">&lt;<a href=3D"mailto:ro=
 bby@eecs.northwestern.edu" target=3D"_blank">robby@eecs.northwestern.edu</a=
 >&gt;</span> wrote:<br><blockquote class=3D"gmail_quote" style=3D"margin:0 =
 0 0 .8ex;border-left:1px #ccc solid;padding-left:1ex">This bug was fixed ab=
 out 2 days ago, I believe. Can you try updating<br>
 your racket? Here&#39;s the commit that fixes it, I believe:<br>
 <br>
 <a href=3D"https://github.com/racket/gui/commit/fcd134eebeabb779c82bd616f12=
 964322951c37d" rel=3D"noreferrer" target=3D"_blank">https://github.com/rack=
 et/gui/commit/fcd134eebeabb779c82bd616f12964322951c37d</a><br>
 <br>
 Robby<br>
 <br>
 On Thu, Jul 28, 2016 at 6:08 PM,=C2=A0 &lt;<a href=3D"mailto:spdegabrielle@=
 gmail.com">spdegabrielle@gmail.com</a>&gt; wrote:<br>
 &gt; A new problem report is waiting at<br>
 &gt;=C2=A0 =C2=A0<a href=3D"http://bugs.racket-lang.org/query/?cmd=3Dview&a=
 mp;pr=3D15333" rel=3D"noreferrer" target=3D"_blank">http://bugs.racket-lang=
 .org/query/?cmd=3Dview&amp;pr=3D15333</a><br>
 &gt;<br>
 &gt; Reported by Stephen De Gabrielle for release: 6.6.0.2--2016-07-24(99dd=
 403/a)<br>
 &gt;<br>
 &gt; *** Description:<br>
 &gt; do-search method in ...ork/private/text.rkt:1136:2: arity mismatch;<br=
 >
 &gt;=C2=A0 the expected number of arguments does not match the given number=
 <br>
 &gt;=C2=A0 =C2=A0expected: 2<br>
 &gt;=C2=A0 =C2=A0given: 3<br>
 &gt;=C2=A0 =C2=A0arguments...:<br>
 &gt;=C2=A0 =C2=A0 (object:...ivate/get-extend.rkt:134:12 ...)<br>
 &gt;=C2=A0 =C2=A0 3878<br>
 &gt;=C2=A0 =C2=A0 &#39;eof<br>
 &gt;=C2=A0 =C2=A0context...:<br>
 &gt;=C2=A0 =C2=A0 /Applications/Racket v6.6.0.2/share/pkgs/gui-lib/framewor=
 k/private/text.rkt:1250:9<br>
 &gt;=C2=A0 =C2=A0 /Applications/Racket v6.6.0.2/share/pkgs/gui-lib/mred/pri=
 vate/wx/common/queue.rkt:454:6<br>
 &gt;=C2=A0 =C2=A0 /Applications/Racket v6.6.0.2/share/pkgs/gui-lib/mred/pri=
 vate/wx/common/queue.rkt:505:32<br>
 &gt;=C2=A0 =C2=A0 /Applications/Racket v6.6.0.2/share/pkgs/gui-lib/mred/pri=
 vate/wx/common/queue.rkt:653:3<br>
 &gt;<br>
 &gt; *** How to repeat:<br>
 &gt; would trigger each time I hit &#39;replace buton<br>
 &gt;<br>
 &gt; *** Environment:<br>
 &gt; macosx &quot;Darwin Miriams-MacBook-Pro.local 15.6.0 Darwin Kernel Ver=
 sion 15.6.0: Thu Jun 23 18:25:34 PDT 2016; root:xnu-3248.60.10~1/RELEASE_X8=
 6_64 x86_64&quot; (x86_64-macosx/3m) (get-display-depth) =3D 32<br>
 &gt; Human Language: english<br>
 &gt; (current-memory-use) 1020875128<br>
 &gt; raco pkg (show):<br>
 &gt; Installation-wide:<br>
 &gt;=C2=A0 Package=C2=A0 =C2=A0 =C2=A0Checksum=C2=A0 =C2=A0 =C2=A0 =C2=A0 =
 =C2=A0 =C2=A0 =C2=A0 =C2=A0 =C2=A0 =C2=A0 =C2=A0 =C2=A0 =C2=A0 =C2=A0 =C2=
 =A0 =C2=A0 =C2=A0 Source<br>
 &gt;=C2=A0 drracket=C2=A0 =C2=A0 8a8e2ffb32a28d192d48cdedbe47797e43071850=
 =C2=A0 catalog drracket<br>
 &gt;=C2=A0 racket-lib=C2=A0 64ea261bd0532c312c0e07e8324839438a4b5c04=C2=A0 =
 catalog racket-lib<br>
 &gt;=C2=A0 [107 auto-installed packages not shown]<br>
 &gt; User-specific for installation &quot;snapshot&quot;:<br>
 &gt;=C2=A0 [none]<br>
 &gt;<br>
 &gt;<br>
 &gt;<br>
 &gt; Collections:<br>
 &gt; (&quot;/Users/spdegabrielle/Library/Racket/snapshot/collects&quot;<br>
 &gt;=C2=A0 (non-existent-path))<br>
 &gt; (&quot;/Applications/Racket v6.6.0.2/collects&quot;<br>
 &gt;=C2=A0 (&quot;acks&quot; &quot;compiler&quot; &quot;data&quot; &quot;db=
 &quot; &quot;dynext&quot; &quot;ffi&quot; &quot;file&quot; &quot;info&quot;=
  &quot;info-domain&quot; &quot;json&quot; &quot;launcher&quot; &quot;net&qu=
 ot; &quot;openssl&quot; &quot;pkg&quot; &quot;planet&quot; &quot;racket&quo=
 t; &quot;rackunit&quot; &quot;raco&quot; &quot;reader&quot; &quot;realm&quo=
 t; &quot;s-exp&quot; &quot;scheme&quot; &quot;setup&quot; &quot;srfi&quot; =
 &quot;syntax&quot; &quot;unstable&quot; &quot;version&quot; &quot;xml&quot;=
 ))<br>
 &gt;<br>
 &gt; Recent Internal Errors: Saved 5 internal errors:<br>
 &gt;<br>
 &gt; do-search method in ...ork/private/text.rkt:1136:2: arity mismatch;<br=
 >
 &gt;=C2=A0 the expected number of arguments does not match the given number=
 <br>
 &gt;=C2=A0 =C2=A0expected: 2<br>
 &gt;=C2=A0 =C2=A0given: 3<br>
 &gt;=C2=A0 =C2=A0arguments...:<br>
 &gt;=C2=A0 =C2=A0 (object:...ivate/get-extend.rkt:134:12 ...)<br>
 &gt;=C2=A0 =C2=A0 3911<br>
 &gt;=C2=A0 =C2=A0 &#39;eof<br>
 &gt;=C2=A0 =C2=A0context...:<br>
 &gt;=C2=A0 =C2=A0 /Applications/Racket v6.6.0.2/share/pkgs/gui-lib/framewor=
 k/private/text.rkt:1250:9<br>
 &gt;=C2=A0 =C2=A0 /Applications/Racket v6.6.0.2/share/pkgs/gui-lib/mred/pri=
 vate/wx/common/queue.rkt:454:6<br>
 &gt;=C2=A0 =C2=A0 /Applications/Racket v6.6.0.2/share/pkgs/gui-lib/mred/pri=
 vate/wx/common/queue.rkt:505:32<br>
 &gt;=C2=A0 =C2=A0 /Applications/Racket v6.6.0.2/share/pkgs/gui-lib/mred/pri=
 vate/wx/common/queue.rkt:653:3<br>
 &gt;<br>
 &gt;<br>
 &gt; do-search method in ...ork/private/text.rkt:1136:2: arity mismatch;<br=
 >
 &gt;=C2=A0 the expected number of arguments does not match the given number=
 <br>
 &gt;=C2=A0 =C2=A0expected: 2<br>
 &gt;=C2=A0 =C2=A0given: 3<br>
 &gt;=C2=A0 =C2=A0arguments...:<br>
 &gt;=C2=A0 =C2=A0 (object:...ivate/get-extend.rkt:134:12 ...)<br>
 &gt;=C2=A0 =C2=A0 4016<br>
 &gt;=C2=A0 =C2=A0 &#39;eof<br>
 &gt;=C2=A0 =C2=A0context...:<br>
 &gt;=C2=A0 =C2=A0 /Applications/Racket v6.6.0.2/share/pkgs/gui-lib/framewor=
 k/private/text.rkt:1250:9<br>
 &gt;=C2=A0 =C2=A0 /Applications/Racket v6.6.0.2/share/pkgs/gui-lib/mred/pri=
 vate/wx/common/queue.rkt:454:6<br>
 &gt;=C2=A0 =C2=A0 /Applications/Racket v6.6.0.2/share/pkgs/gui-lib/mred/pri=
 vate/wx/common/queue.rkt:505:32<br>
 &gt;=C2=A0 =C2=A0 /Applications/Racket v6.6.0.2/share/pkgs/gui-lib/mred/pri=
 vate/wx/common/queue.rkt:653:3<br>
 &gt;<br>
 &gt;<br>
 &gt; do-search method in ...ork/private/text.rkt:1136:2: arity mismatch;<br=
 >
 &gt;=C2=A0 the expected number of arguments does not match the given number=
 <br>
 &gt;=C2=A0 =C2=A0expected: 2<br>
 &gt;=C2=A0 =C2=A0given: 3<br>
 &gt;=C2=A0 =C2=A0arguments...:<br>
 &gt;=C2=A0 =C2=A0 (object:...ivate/get-extend.rkt:134:12 ...)<br>
 &gt;=C2=A0 =C2=A0 1256<br>
 &gt;=C2=A0 =C2=A0 &#39;eof<br>
 &gt;=C2=A0 =C2=A0context...:<br>
 &gt;=C2=A0 =C2=A0 /Applications/Racket v6.6.0.2/share/pkgs/gui-lib/framewor=
 k/private/text.rkt:1250:9<br>
 &gt;=C2=A0 =C2=A0 /Applications/Racket v6.6.0.2/share/pkgs/gui-lib/mred/pri=
 vate/wx/common/queue.rkt:454:6<br>
 &gt;=C2=A0 =C2=A0 /Applications/Racket v6.6.0.2/share/pkgs/gui-lib/mred/pri=
 vate/wx/common/queue.rkt:505:32<br>
 &gt;=C2=A0 =C2=A0 /Applications/Racket v6.6.0.2/share/pkgs/gui-lib/mred/pri=
 vate/wx/common/queue.rkt:653:3<br>
 &gt;<br>
 &gt;<br>
 &gt; do-search method in ...ork/private/text.rkt:1136:2: arity mismatch;<br=
 >
 &gt;=C2=A0 the expected number of arguments does not match the given number=
 <br>
 &gt;=C2=A0 =C2=A0expected: 2<br>
 &gt;=C2=A0 =C2=A0given: 3<br>
 &gt;=C2=A0 =C2=A0arguments...:<br>
 &gt;=C2=A0 =C2=A0 (object:...ivate/get-extend.rkt:134:12 ...)<br>
 &gt;=C2=A0 =C2=A0 849<br>
 &gt;=C2=A0 =C2=A0 &#39;eof<br>
 &gt;=C2=A0 =C2=A0context...:<br>
 &gt;=C2=A0 =C2=A0 /Applications/Racket v6.6.0.2/share/pkgs/gui-lib/framewor=
 k/private/text.rkt:1250:9<br>
 &gt;=C2=A0 =C2=A0 /Applications/Racket v6.6.0.2/share/pkgs/gui-lib/mred/pri=
 vate/wx/common/queue.rkt:454:6<br>
 &gt;=C2=A0 =C2=A0 /Applications/Racket v6.6.0.2/share/pkgs/gui-lib/mred/pri=
 vate/wx/common/queue.rkt:505:32<br>
 &gt;=C2=A0 =C2=A0 /Applications/Racket v6.6.0.2/share/pkgs/gui-lib/mred/pri=
 vate/wx/common/queue.rkt:653:3<br>
 &gt;<br>
 &gt;<br>
 &gt; do-search method in ...ork/private/text.rkt:1136:2: arity mismatch;<br=
 >
 &gt;=C2=A0 the expected number of arguments does not match the given number=
 <br>
 &gt;=C2=A0 =C2=A0expected: 2<br>
 &gt;=C2=A0 =C2=A0given: 3<br>
 &gt;=C2=A0 =C2=A0arguments...:<br>
 &gt;=C2=A0 =C2=A0 (object:...ivate/get-extend.rkt:134:12 ...)<br>
 &gt;=C2=A0 =C2=A0 757<br>
 &gt;=C2=A0 =C2=A0 &#39;eof<br>
 &gt;=C2=A0 =C2=A0context...:<br>
 &gt;=C2=A0 =C2=A0 /Applications/Racket v6.6.0.2/share/pkgs/gui-lib/framewor=
 k/private/text.rkt:1250:9<br>
 &gt;=C2=A0 =C2=A0 /Applications/Racket v6.6.0.2/share/pkgs/gui-lib/mred/pri=
 vate/wx/common/queue.rkt:454:6<br>
 &gt;=C2=A0 =C2=A0 /Applications/Racket v6.6.0.2/share/pkgs/gui-lib/mred/pri=
 vate/wx/common/queue.rkt:505:32<br>
 &gt;=C2=A0 =C2=A0 /Applications/Racket v6.6.0.2/share/pkgs/gui-lib/mred/pri=
 vate/wx/common/queue.rkt:653:3<br>
 &gt;<br>
 &gt; Computer Language: ((&quot;Determine language from source&quot;) (#(#t=
  print mixed-fraction-e #f #t debug) (default) #() &quot;#lang racket\n&quo=
 t; #t #t ((test) (main)) #t))<br>
 &gt;<br>
 </blockquote></div><br></div>
 
 --001a114d48f8426d280538c8d1d1--

State changed from "open" to "closed" by robby at Fri, 29 Jul 2016 20:35:02 -0400
Reason>>> 

fixed with


https://github.com/racket/gui/commit/fcd134eebeabb779c82bd616f129
64322951c37d

